yarn run v1.22.22
$ next dev --turbopack
   ▲ Next.js 15.3.3 (Turbopack)
   - Local:        http://localhost:3000
   - Network:      http://192.168.1.74:3000

 ✓ Starting...
 ✓ Ready in 1182ms
 ○ Compiling /_not-found/page ...
 ✓ Compiled /_not-found/page in 618ms
 GET /api/dashboard 404 in 783ms
 GET /api/dashboard 404 in 45ms
[Error: ENOENT: no such file or directory, scandir '/home/erkin/dashboard/app'] {
  errno: -2,
  code: 'ENOENT',
  syscall: 'scandir',
  path: '/home/erkin/dashboard/app'
}
 ⨯ unhandledRejection: [Error: ENOENT: no such file or directory, scandir '/home/erkin/dashboard/app'] {
  errno: -2,
  code: 'ENOENT',
  syscall: 'scandir',
  path: '/home/erkin/dashboard/app'
}
 ⨯ unhandledRejection:  [Error: ENOENT: no such file or directory, scandir '/home/erkin/dashboard/app'] {
  errno: -2,
  code: 'ENOENT',
  syscall: 'scandir',
  path: '/home/erkin/dashboard/app'
}
 ⨯ ./tailwind.config.js:85:13
Module not found: Can't resolve 'tailwindcss-animate'
[0m [90m 83 |[39m     }[33m,[39m[0m
[0m [90m 84 |[39m   }[33m,[39m[0m
[0m[31m[1m>[22m[39m[90m 85 |[39m   plugins[33m:[39m [require([32m"tailwindcss-animate"[39m)][33m,[39m[0m
[0m [90m    |[39m             [31m[1m^[22m[39m[31m[1m^[22m[39m[31m[1m^[22m[39m[31m[1m^[22m[39m[31m[1m^[22m[39m[31m[1m^[22m[39m[31m[1m^[22m[39m[31m[1m^[22m[39m[31m[1m^[22m[39m[31m[1m^[22m[39m[31m[1m^[22m[39m[31m[1m^[22m[39m[31m[1m^[22m[39m[31m[1m^[22m[39m[31m[1m^[22m[39m[31m[1m^[22m[39m[31m[1m^[22m[39m[31m[1m^[22m[39m[31m[1m^[22m[39m[31m[1m^[22m[39m[31m[1m^[22m[39m[31m[1m^[22m[39m[31m[1m^[22m[39m[31m[1m^[22m[39m[31m[1m^[22m[39m[31m[1m^[22m[39m[31m[1m^[22m[39m[31m[1m^[22m[39m[31m[1m^[22m[39m[31m[1m^[22m[39m[0m
[0m [90m 86 |[39m }[0m
[0m [90m 87 |[39m[0m



https://nextjs.org/docs/messages/module-not-found


[?25h
